#
# There is insufficient memory for the Java Runtime Environment to continue.
# Native memory allocation (mmap) failed to map 5242880000 bytes for Failed to commit area from 0x00000006c7800000 to 0x0000000800000000 of length 5242880000.
# Possible reasons:
#   The system is out of physical RAM or swap space
#   The process is running with CompressedOops enabled, and the Java Heap may be blocking the growth of the native heap
# Possible solutions:
#   Reduce memory load on the system
#   Increase physical memory or swap space
#   Check if swap backing store is full
#   Decrease Java heap size (-Xmx/-Xms)
#   Decrease number of Java threads
#   Decrease Java thread stack sizes (-Xss)
#   Set larger code cache with -XX:ReservedCodeCacheSize=
# This output file may be truncated or incomplete.
#
#  Out of Memory Error (t:/workspace/open/src/hotspot/os/windows/os_windows.cpp:3301), pid=41816, tid=16172
#
# JRE version:  (13.0.2+8) (build )
# Java VM: Java HotSpot(TM) 64-Bit Server VM (13.0.2+8, mixed mode, aot, sharing, tiered, compressed oops, g1 gc, windows-amd64)
# No core dump will be written. Minidumps are not enabled by default on client versions of Windows
#

---------------  S U M M A R Y ------------

Command Line: -Dfile.encoding=UTF-8 -Xms5000m -Xmx5000M -Dclojure.compile.path=C:\Users\James\Closure Projects\quil-project\target\classes -Dsketch.version=1.0 -Dclojure.debug=false clojure.main -i C:\Users\James\AppData\Local\Temp\form-init7043440509105838446.clj

Host: Intel(R) Core(TM) i5-8265U CPU @ 1.60GHz, 8 cores, 11G,  Windows 10 , 64 bit Build 19041 (10.0.19041.1348)
Time: Thu Dec 16 11:20:06 2021 Pacific Standard Time elapsed time: 0 seconds (0d 0h 0m 0s)

---------------  T H R E A D  ---------------

Current thread (0x0000019fdc4ca800):  JavaThread "Unknown thread" [_thread_in_vm, id=16172, stack(0x0000008a59f00000,0x0000008a5a000000)]

Stack: [0x0000008a59f00000,0x0000008a5a000000]
Native frames: (J=compiled Java code, j=interpreted, Vv=VM code, C=native code)
V  [jvm.dll+0x624f9a]
V  [jvm.dll+0x770cfa]
V  [jvm.dll+0x7724af]
V  [jvm.dll+0x772ab3]
V  [jvm.dll+0x24bf08]
V  [jvm.dll+0x6222aa]
V  [jvm.dll+0x6170b5]
V  [jvm.dll+0x30a88c]
V  [jvm.dll+0x30a6c2]
V  [jvm.dll+0x30fe36]
V  [jvm.dll+0x353f46]
V  [jvm.dll+0x353720]
V  [jvm.dll+0x2e550a]
V  [jvm.dll+0x2e67a2]
V  [jvm.dll+0x74dd78]
V  [jvm.dll+0x361989]
V  [jvm.dll+0x730e65]
V  [jvm.dll+0x3cc53f]
V  [jvm.dll+0x3ce861]
C  [jli.dll+0x51ff]
C  [ucrtbase.dll+0x21bb2]
C  [KERNEL32.DLL+0x17034]
C  [ntdll.dll+0x52651]


---------------  P R O C E S S  ---------------

Threads class SMR info:
_java_thread_list=0x00007fff74aeccb8, length=0, elements={
}

Java Threads: ( => current thread )

Other Threads:
  0x0000019fdc528000 GCTaskThread "GC Thread#0" [stack: 0x0000008a5a000000,0x0000008a5a100000] [id=42544]
  0x0000019fdc53d000 ConcurrentGCThread "G1 Main Marker" [stack: 0x0000008a5a100000,0x0000008a5a200000] [id=48196]
  0x0000019fdc53f000 ConcurrentGCThread "G1 Conc#0" [stack: 0x0000008a5a200000,0x0000008a5a300000] [id=19664]

[error occurred during error reporting (printing all threads), id 0xc0000005, EXCEPTION_ACCESS_VIOLATION (0xc0000005) at pc=0x00007fff743251d7]

VM state:not at safepoint (not fully initialized)

VM Mutex/Monitor currently owned by a thread:  ([mutex/lock_event])
[0x0000019fdc4c6360] Heap_lock - owner thread: 0x0000019fdc4ca800

Heap address: 0x00000006c7800000, size: 5000 MB, Compressed Oops mode: Non-zero based: 0x00000006c7800000
Narrow klass base: 0x0000000000000000, Narrow klass shift: 0

GC Heap History (0 events):
No events

Deoptimization events (0 events):
No events

Classes unloaded (0 events):
No events

Classes redefined (0 events):
No events

Internal exceptions (0 events):
No events

Events (8 events):
Event: 0.008 Loaded shared library C:\Program Files\Java\jdk-13.0.2\bin\zip.dll
Event: 0.009 Loaded shared library C:\Program Files\Java\jdk-13.0.2\bin\jimage.dll
Event: 0.011 Loading shared library C:\Program Files\Java\jdk-13.0.2\lib\libjava.base-coop.dll failed, error code 126
Event: 0.011 Loading shared library C:\Program Files\Java\jdk-13.0.2\lib\libjava.logging-coop.dll failed, error code 126
Event: 0.011 Loading shared library C:\Program Files\Java\jdk-13.0.2\lib\libjdk.compiler-coop.dll failed, error code 126
Event: 0.011 Loading shared library C:\Program Files\Java\jdk-13.0.2\lib\libjdk.scripting.nashorn-coop.dll failed, error code 126
Event: 0.011 Loading shared library C:\Program Files\Java\jdk-13.0.2\lib\libjdk.internal.vm.ci-coop.dll failed, error code 126
Event: 0.011 Loading shared library C:\Program Files\Java\jdk-13.0.2\lib\libjdk.internal.vm.compiler-coop.dll failed, error code 126


Dynamic libraries:
0x00007ff6fd2f0000 - 0x00007ff6fd2ff000 	C:\Program Files\Java\jdk-13.0.2\bin\java.exe
0x00007ff811630000 - 0x00007ff811825000 	C:\WINDOWS\SYSTEM32\ntdll.dll
0x00007ff810640000 - 0x00007ff8106fe000 	C:\WINDOWS\System32\KERNEL32.DLL
0x00007ff80f250000 - 0x00007ff80f518000 	C:\WINDOWS\System32\KERNELBASE.dll
0x00007ff80f0d0000 - 0x00007ff80f1d0000 	C:\WINDOWS\System32\ucrtbase.dll
0x00007fffff850000 - 0x00007fffff865000 	C:\Program Files\Java\jdk-13.0.2\bin\VCRUNTIME140.dll
0x00007fffffdc0000 - 0x00007fffffdd8000 	C:\Program Files\Java\jdk-13.0.2\bin\jli.dll
0x00007ff80fd40000 - 0x00007ff80fdec000 	C:\WINDOWS\System32\ADVAPI32.dll
0x00007ff810720000 - 0x00007ff8107be000 	C:\WINDOWS\System32\msvcrt.dll
0x00007ff80fb70000 - 0x00007ff80fc0b000 	C:\WINDOWS\System32\sechost.dll
0x00007ff8107c0000 - 0x00007ff8108ea000 	C:\WINDOWS\System32\RPCRT4.dll
0x00007ff80f9c0000 - 0x00007ff80fb61000 	C:\WINDOWS\System32\USER32.dll
0x00007fffe8570000 - 0x00007fffe880a000 	C:\WINDOWS\WinSxS\amd64_microsoft.windows.common-controls_6595b64144ccf1df_6.0.19041.1110_none_60b5254171f9507e\COMCTL32.dll
0x00007ff80ed50000 - 0x00007ff80ed72000 	C:\WINDOWS\System32\win32u.dll
0x00007ff810120000 - 0x00007ff81014b000 	C:\WINDOWS\System32\GDI32.dll
0x00007ff80efc0000 - 0x00007ff80f0cb000 	C:\WINDOWS\System32\gdi32full.dll
0x00007ff80ed80000 - 0x00007ff80ee1d000 	C:\WINDOWS\System32\msvcp_win.dll
0x00007ff808fe0000 - 0x00007ff808fea000 	C:\WINDOWS\SYSTEM32\VERSION.dll
0x00007ff80fdf0000 - 0x00007ff80fe20000 	C:\WINDOWS\System32\IMM32.DLL
0x00007fffd3ff0000 - 0x00007fffd408b000 	C:\Program Files\Java\jdk-13.0.2\bin\msvcp140.dll
0x00007fff74030000 - 0x00007fff74b8d000 	C:\Program Files\Java\jdk-13.0.2\bin\server\jvm.dll
0x00007ff80fcc0000 - 0x00007ff80fcc8000 	C:\WINDOWS\System32\PSAPI.DLL
0x00007fffff840000 - 0x00007fffff849000 	C:\WINDOWS\SYSTEM32\WSOCK32.dll
0x00007ffff4fa0000 - 0x00007ffff4fc7000 	C:\WINDOWS\SYSTEM32\WINMM.dll
0x00007ff8105d0000 - 0x00007ff81063b000 	C:\WINDOWS\System32\WS2_32.dll
0x00007ff80d5d0000 - 0x00007ff80d5e2000 	C:\WINDOWS\SYSTEM32\kernel.appcore.dll
0x00007fffff830000 - 0x00007fffff840000 	C:\Program Files\Java\jdk-13.0.2\bin\verify.dll
0x00007ff80d2e0000 - 0x00007ff80d4c4000 	C:\WINDOWS\SYSTEM32\DBGHELP.DLL
0x00007ff800280000 - 0x00007ff8002ac000 	C:\WINDOWS\SYSTEM32\dbgcore.DLL
0x00007ff80ee20000 - 0x00007ff80eea3000 	C:\WINDOWS\System32\bcryptPrimitives.dll
0x00007ffff40e0000 - 0x00007ffff4106000 	C:\Program Files\Java\jdk-13.0.2\bin\java.dll
0x00007fffe4270000 - 0x00007fffe4287000 	C:\Program Files\Java\jdk-13.0.2\bin\zip.dll
0x00007ffffe1d0000 - 0x00007ffffe1da000 	C:\Program Files\Java\jdk-13.0.2\bin\jimage.dll

dbghelp: loaded successfully - version: 4.0.5 - missing functions: none
symbol engine: initialized successfully - sym options: 0x614 - pdb path: .;C:\Program Files\Java\jdk-13.0.2\bin;C:\WINDOWS\SYSTEM32;C:\WINDOWS\WinSxS\amd64_microsoft.windows.common-controls_6595b64144ccf1df_6.0.19041.1110_none_60b5254171f9507e;C:\Program Files\Java\jdk-13.0.2\bin\server

VM Arguments:
jvm_args: -Dfile.encoding=UTF-8 -Xms5000m -Xmx5000M -Dclojure.compile.path=C:\Users\James\Closure Projects\quil-project\target\classes -Dsketch.version=1.0 -Dclojure.debug=false 
java_command: clojure.main -i C:\Users\James\AppData\Local\Temp\form-init7043440509105838446.clj
java_class_path (initial): C:\Users\James\Closure Projects\quil-project\test;C:\Users\James\Closure Projects\quil-project\src\clj;C:\Users\James\Closure Projects\quil-project\dev-resources;C:\Users\James\Closure Projects\quil-project\resources;C:\Users\James\Closure Projects\quil-project\target\classes;C:\Users\James\.m2\repository\org\apache\xmlgraphics\batik-util\1.8\batik-util-1.8.jar;C:\Users\James\.m2\repository\quil\processing-dxf\3.5.3\processing-dxf-3.5.3.jar;C:\Users\James\.m2\repository\org\nrepl\incomplete\0.1.0\incomplete-0.1.0.jar;C:\Users\James\.m2\repository\quil\processing-svg\3.5.3\processing-svg-3.5.3.jar;C:\Users\James\.m2\repository\org\apache\poi\poi-ooxml-schemas\3.16\poi-ooxml-schemas-3.16.jar;C:\Users\James\.m2\repository\org\apache\xmlgraphics\batik-svggen\1.8\batik-svggen-1.8.jar;C:\Users\James\.m2\repository\org\apache\commons\commons-math3\3.3\commons-math3-3.3.jar;C:\Users\James\.m2\repository\net\sf\opencsv\opencsv\2.3\opencsv-2.3.jar;C:\Users\James\.m2\repository\net\sourceforge\f2j\arpack_combined_all\0.1\arpack_combined_all-0.1.jar;C:\Users\James\.m2\repository\org\clojure\tools.macro\0.1.5\tools.macro-0.1.5.jar;C:\Users\James\.m2\repository\net\mikera\vectorz\0.62.0\vectorz-0.62.0.jar;C:\Users\James\.m2\repository\org\clojure\core.incubator\0.1.4\core.incubator-0.1.4.jar;C:\Users\James\.m2\repository\org\apache\xmlgraphics\batik-css\1.8\batik-css-1.8.jar;C:\Users\James\.m2\repository\net\sourceforge\parallelcolt\parallelcolt\0.10.1\parallelcolt-0.10.1.jar;C:\Users\James\.m2\repository\incanter\incanter-latex\1.9.3\incanter-latex-1.9.3.jar;C:\Users\James\.m2\repository\com\github\rwl\JKLU\1.0.0\JKLU-1.0.0.jar;C:\Users\James\.m2\repository\stax\stax-api\1.0.1\stax-api-1.0.1.jar;C:\Users\James\.m2\repository\org\clojure\clojure-contrib\1.2.0\clojure-contrib-1.2.0.jar;C:\Users\James\.m2\repository\org\apache\poi\poi\3.16\poi-3.16.jar;C:\Users\James\.m2\repository\org\bouncycastle\bcmail-jdk14\1.38\bcmail-jdk14-1.38.jar;C:\Users\James\
Launcher Type: SUN_STANDARD

[Global flags]
     intx CICompilerCount                          = 4                                         {product} {ergonomic}
     uint ConcGCThreads                            = 2                                         {product} {ergonomic}
     uint G1ConcRefinementThreads                  = 8                                         {product} {ergonomic}
   size_t G1HeapRegionSize                         = 2097152                                   {product} {ergonomic}
    uintx GCDrainStackTargetSize                   = 64                                        {product} {ergonomic}
   size_t InitialHeapSize                          = 5242880000                                {product} {command line}
   size_t MarkStackSize                            = 4194304                                   {product} {ergonomic}
   size_t MaxHeapSize                              = 5242880000                                {product} {command line}
   size_t MinHeapDeltaBytes                        = 2097152                                   {product} {ergonomic}
   size_t MinHeapSize                              = 5242880000                                {product} {command line}
    uintx NonNMethodCodeHeapSize                   = 5839372                                {pd product} {ergonomic}
    uintx NonProfiledCodeHeapSize                  = 122909434                              {pd product} {ergonomic}
    uintx ProfiledCodeHeapSize                     = 122909434                              {pd product} {ergonomic}
    uintx ReservedCodeCacheSize                    = 251658240                              {pd product} {ergonomic}
     bool SegmentedCodeCache                       = true                                      {product} {ergonomic}
   size_t SoftMaxHeapSize                          = 5242880000                             {manageable} {ergonomic}
     bool UseCompressedClassPointers               = true                                 {lp64_product} {ergonomic}
     bool UseCompressedOops                        = true                                 {lp64_product} {ergonomic}
     bool UseG1GC                                  = true                                      {product} {ergonomic}
     bool UseLargePagesIndividualAllocation        = false                                  {pd product} {ergonomic}

Logging:
Log output configuration:
 #0: stdout all=warning uptime,level,tags
 #1: stderr all=off uptime,level,tags

Environment Variables:
CLASSPATH=C:\Users\James\.lein\self-installs\leiningen-2.9.8-standalone.jar
PATH=C:\Program Files\Java\jdk-13\bin;C:\Program Files\nodejs\;C:\Windows\System32\;C:\Program Files\Java\jdk-13.0.2\bin;C:\WINDOWS\system32;C:\WINDOWS;C:\WINDOWS\System32\Wbem;C:\WINDOWS\System32\WindowsPowerShell\v1.0\;C:\WINDOWS\System32\OpenSSH\;C:\Program Files\MATLAB\R2020b\bin;C:\Program Files\Microsoft SQL Server\Client SDK\ODBC\170\Tools\Binn\;C:\Program Files (x86)\Microsoft SQL Server\150\Tools\Binn\;C:\Program Files\Microsoft SQL Server\150\Tools\Binn\;C:\Program Files\Microsoft SQL Server\150\DTS\Binn\;C:\Program Files (x86)\Microsoft SQL Server\150\DTS\Binn\;C:\Program Files\Azure Data Studio\bin;C:\Program Files\MySQL\MySQL Server 8.0\bin %MYSQL_HOME%\bin;C:\Program Files\Git\cmd;C:\Users\James\programs\;C:\Program Files (x86)\Emacs\i686\bin;C:\Program Files\MySQL\MySQL Shell 8.0\bin\;C:\Users\James\AppData\Local\Microsoft\WindowsApps;C:\Users\James\AppData\Local\Programs\Microsoft VS Code\bin;C:\Users\James\AppData\Roaming\npm;C:\MinGW\bin;C:\Program Files\Azure Data Studio\bin;C:\Program Files\MySQL\MySQL Server 8.0.25\bin;C:\Program Files (x86)\GitHub CLI\;C:\Users\James\Downloads\gradle-6.6.1-bin\gradle-6.6.1\bin;
USERNAME=James
OS=Windows_NT
PROCESSOR_IDENTIFIER=Intel64 Family 6 Model 142 Stepping 12, GenuineIntel



---------------  S Y S T E M  ---------------

OS: Windows 10 , 64 bit Build 19041 (10.0.19041.1348)

CPU:total 8 (initial active 8) (4 cores per cpu, 2 threads per core) family 6 model 142 stepping 12, cmov, cx8, fxsr, mmx, sse, sse2, sse3, ssse3, sse4.1, sse4.2, popcnt, avx, avx2, aes, clmul, erms, 3dnowpref, lzcnt, ht, tsc, tscinvbit, bmi1, bmi2, adx, fma

Memory: 4k page, system-wide physical 12098M (1081M free)
TotalPageFile size 41616M (AvailPageFile size 2585M)
current process WorkingSet (physical memory assigned to process): 10M, peak: 10M
current process commit charge ("private bytes"): 60M, peak: 5060M

vm_info: Java HotSpot(TM) 64-Bit Server VM (13.0.2+8) for windows-amd64 JRE (13.0.2+8), built on Dec 11 2019 09:20:33 by "mach5one" with unknown MS VC++:1916

END.
